<?xml version="1.0" encoding="UTF-8"?>
<!-- Generated by org.testng.reporters.JUnitReportReporter -->
<testsuite hostname="Prathameshs-MacBook-Air.local" failures="0" tests="3" name="Entrata.Assessment.tests.HeaderNavigationTests" time="31.757" errors="0" timestamp="2024-10-04T02:12:41 IST" skipped="0">
  <testcase classname="Entrata.Assessment.tests.HeaderNavigationTests" name="verifyHeaderNavigations1" time="13.420"/>
  <testcase classname="Entrata.Assessment.tests.HeaderNavigationTests" name="verifyHeaderNavigations2" time="7.784"/>
  <testcase classname="Entrata.Assessment.tests.HeaderNavigationTests" name="verifyHeaderNavigations3" time="10.553"/>
</testsuite> <!-- Entrata.Assessment.tests.HeaderNavigationTests -->
