<?xml version="1.0" encoding="UTF-8"?>
<!-- Generated by org.testng.reporters.JUnitReportReporter -->
<testsuite hostname="Prathameshs-MacBook-Air.local" failures="0" tests="1" name="Entrata.Assessment.tests.WatchDemoTest" time="5.197" errors="0" timestamp="2024-10-04T02:12:41 IST" skipped="0">
  <testcase classname="Entrata.Assessment.tests.WatchDemoTest" name="verifyWatchDemoForm" time="5.197"/>
</testsuite> <!-- Entrata.Assessment.tests.WatchDemoTest -->
