<?xml version="1.0" encoding="UTF-8"?>
<!-- Generated by org.testng.reporters.JUnitReportReporter -->
<testsuite hostname="Prathameshs-MacBook-Air.local" failures="0" tests="1" name="Entrata.Assessment.tests.PropertyManagerSignInTest" time="6.375" errors="0" timestamp="2024-10-04T02:12:41 IST" skipped="0">
  <testcase classname="Entrata.Assessment.tests.PropertyManagerSignInTest" name="PropertyManagerSignIn" time="6.375"/>
</testsuite> <!-- Entrata.Assessment.tests.PropertyManagerSignInTest -->
